# JRE version: OpenJDK Runtime Environment (8.0_131-b11) (build 1.8.0_131-8u131-b11-0ubuntu1.17.04.1-b11)
# Java VM: OpenJDK 64-Bit Server VM (25.131-b11 mixed mode linux-amd64 compressed oops)
Heap:
 PSYoungGen      total 196096K, used 196082K [0x000000076d100000, 0x000000077a200000, 0x00000007c0000000)
  eden space 184320K, 100% used [0x000000076d100000,0x0000000778500000,0x0000000778500000)
  from space 11776K, 99% used [0x0000000779680000,0x000000077a1fcaf0,0x000000077a200000)
  to   space 14848K, 99% used [0x0000000778500000,0x000000077937a000,0x0000000779380000)
 ParOldGen       total 82432K, used 12199K [0x00000006c7200000, 0x00000006cc280000, 0x000000076d100000)
  object space 82432K, 14% used [0x00000006c7200000,0x00000006c7de9d08,0x00000006cc280000)
 Metaspace       used 33169K, capacity 33712K, committed 33920K, reserved 1079296K
  class space    used 4008K, capacity 4181K, committed 4224K, reserved 1048576K
GC Heap History (10 events):
Event: 1,531 GC heap after
Heap after GC invocations=3 (full 1):
 PSYoungGen      total 74752K, used 0K [0x000000076d100000, 0x0000000776300000, 0x00000007c0000000)
  eden space 64512K, 0% used [0x000000076d100000,0x000000076d100000,0x0000000771000000)
  from space 10240K, 0% used [0x0000000771a00000,0x0000000771a00000,0x0000000772400000)
  to   space 10240K, 0% used [0x0000000771000000,0x0000000771000000,0x0000000771a00000)
 ParOldGen       total 82432K, used 5452K [0x00000006c7200000, 0x00000006cc280000, 0x000000076d100000)
  object space 82432K, 6% used [0x00000006c7200000,0x00000006c77532e0,0x00000006cc280000)
 Metaspace       used 20889K, capacity 21122K, committed 21296K, reserved 1069056K
  class space    used 2562K, capacity 2658K, committed 2688K, reserved 1048576K
}
Event: 4,083 GC heap before
{Heap before GC invocations=4 (full 1):
 PSYoungGen      total 74752K, used 64512K [0x000000076d100000, 0x0000000776300000, 0x00000007c0000000)
  eden space 64512K, 100% used [0x000000076d100000,0x0000000771000000,0x0000000771000000)
  from space 10240K, 0% used [0x0000000771a00000,0x0000000771a00000,0x0000000772400000)
  to   space 10240K, 0% used [0x0000000771000000,0x0000000771000000,0x0000000771a00000)
 ParOldGen       total 82432K, used 5452K [0x00000006c7200000, 0x00000006cc280000, 0x000000076d100000)
  object space 82432K, 6% used [0x00000006c7200000,0x00000006c77532e0,0x00000006cc280000)
 Metaspace       used 27661K, capacity 28150K, committed 28288K, reserved 1073152K
  class space    used 3519K, capacity 3664K, committed 3712K, reserved 1048576K
Event: 4,089 GC heap after
Heap after GC invocations=4 (full 1):
 PSYoungGen      total 74752K, used 10222K [0x000000076d100000, 0x0000000775380000, 0x00000007c0000000)
  eden space 64512K, 0% used [0x000000076d100000,0x000000076d100000,0x0000000771000000)
  from space 10240K, 99% used [0x0000000771000000,0x00000007719fb898,0x0000000771a00000)
  to   space 10240K, 0% used [0x0000000774980000,0x0000000774980000,0x0000000775380000)
 ParOldGen       total 82432K, used 5625K [0x00000006c7200000, 0x00000006cc280000, 0x000000076d100000)
  object space 82432K, 6% used [0x00000006c7200000,0x00000006c777e688,0x00000006cc280000)
 Metaspace       used 27661K, capacity 28150K, committed 28288K, reserved 1073152K
  class space    used 3519K, capacity 3664K, committed 3712K, reserved 1048576K
}
Event: 4,361 GC heap before
{Heap before GC invocations=5 (full 1):
 PSYoungGen      total 74752K, used 74734K [0x000000076d100000, 0x0000000775380000, 0x00000007c0000000)
  eden space 64512K, 100% used [0x000000076d100000,0x0000000771000000,0x0000000771000000)
  from space 10240K, 99% used [0x0000000771000000,0x00000007719fb898,0x0000000771a00000)
  to   space 10240K, 0% used [0x0000000774980000,0x0000000774980000,0x0000000775380000)
 ParOldGen       total 82432K, used 5625K [0x00000006c7200000, 0x00000006cc280000, 0x000000076d100000)
  object space 82432K, 6% used [0x00000006c7200000,0x00000006c777e688,0x00000006cc280000)
 Metaspace       used 28001K, capacity 28534K, committed 28800K, reserved 1075200K
  class space    used 3535K, capacity 3676K, committed 3712K, reserved 1048576K
Event: 4,370 GC heap after
Heap after GC invocations=5 (full 1):
 PSYoungGen      total 120832K, used 9031K [0x000000076d100000, 0x0000000775280000, 0x00000007c0000000)
  eden space 111616K, 0% used [0x000000076d100000,0x000000076d100000,0x0000000773e00000)
  from space 9216K, 98% used [0x0000000774980000,0x0000000775251ed8,0x0000000775280000)
  to   space 10240K, 0% used [0x0000000773e80000,0x0000000773e80000,0x0000000774880000)
 ParOldGen       total 82432K, used 5633K [0x00000006c7200000, 0x00000006cc280000, 0x000000076d100000)
  object space 82432K, 6% used [0x00000006c7200000,0x00000006c7780688,0x00000006cc280000)
 Metaspace       used 28001K, capacity 28534K, committed 28800K, reserved 1075200K
  class space    used 3535K, capacity 3676K, committed 3712K, reserved 1048576K
}
Event: 4,611 GC heap before
{Heap before GC invocations=6 (full 1):
 PSYoungGen      total 120832K, used 120647K [0x000000076d100000, 0x0000000775280000, 0x00000007c0000000)
  eden space 111616K, 100% used [0x000000076d100000,0x0000000773e00000,0x0000000773e00000)
  from space 9216K, 98% used [0x0000000774980000,0x0000000775251ed8,0x0000000775280000)
  to   space 10240K, 0% used [0x0000000773e80000,0x0000000773e80000,0x0000000774880000)
 ParOldGen       total 82432K, used 5633K [0x00000006c7200000, 0x00000006cc280000, 0x000000076d100000)
  object space 82432K, 6% used [0x00000006c7200000,0x00000006c7780688,0x00000006cc280000)
 Metaspace       used 28050K, capacity 28534K, committed 28800K, reserved 1075200K
  class space    used 3535K, capacity 3676K, committed 3712K, reserved 1048576K
Event: 4,618 GC heap after
Heap after GC invocations=6 (full 1):
 PSYoungGen      total 122368K, used 9205K [0x000000076d100000, 0x000000077a200000, 0x00000007c0000000)
  eden space 112128K, 0% used [0x000000076d100000,0x000000076d100000,0x0000000773e80000)
  from space 10240K, 89% used [0x0000000773e80000,0x000000077477d6b8,0x0000000774880000)
  to   space 11776K, 0% used [0x0000000779680000,0x0000000779680000,0x000000077a200000)
 ParOldGen       total 82432K, used 5641K [0x00000006c7200000, 0x00000006cc280000, 0x000000076d100000)
  object space 82432K, 6% used [0x00000006c7200000,0x00000006c7782688,0x00000006cc280000)
 Metaspace       used 28050K, capacity 28534K, committed 28800K, reserved 1075200K
  class space    used 3535K, capacity 3676K, committed 3712K, reserved 1048576K
}
Event: 83,635 GC heap before
{Heap before GC invocations=7 (full 1):
 PSYoungGen      total 122368K, used 120461K [0x000000076d100000, 0x000000077a200000, 0x00000007c0000000)
  eden space 112128K, 99% used [0x000000076d100000,0x0000000773da5e30,0x0000000773e80000)
  from space 10240K, 89% used [0x0000000773e80000,0x000000077477d6b8,0x0000000774880000)
  to   space 11776K, 0% used [0x0000000779680000,0x0000000779680000,0x000000077a200000)
 ParOldGen       total 82432K, used 5641K [0x00000006c7200000, 0x00000006cc280000, 0x000000076d100000)
  object space 82432K, 6% used [0x00000006c7200000,0x00000006c7782688,0x00000006cc280000)
 Metaspace       used 30122K, capacity 30628K, committed 30848K, reserved 1077248K
  class space    used 3714K, capacity 3859K, committed 3968K, reserved 1048576K
Event: 83,651 GC heap after
Heap after GC invocations=7 (full 1):
 PSYoungGen      total 196096K, used 11762K [0x000000076d100000, 0x000000077a200000, 0x00000007c0000000)
  eden space 184320K, 0% used [0x000000076d100000,0x000000076d100000,0x0000000778500000)
  from space 11776K, 99% used [0x0000000779680000,0x000000077a1fcaf0,0x000000077a200000)
  to   space 14848K, 0% used [0x0000000778500000,0x0000000778500000,0x0000000779380000)
 ParOldGen       total 82432K, used 8171K [0x00000006c7200000, 0x00000006cc280000, 0x000000076d100000)
  object space 82432K, 9% used [0x00000006c7200000,0x00000006c79faca0,0x00000006cc280000)
 Metaspace       used 30122K, capacity 30628K, committed 30848K, reserved 1077248K
  class space    used 3714K, capacity 3859K, committed 3968K, reserved 1048576K
}
Event: 363,407 GC heap before
{Heap before GC invocations=8 (full 1):
 PSYoungGen      total 196096K, used 196082K [0x000000076d100000, 0x000000077a200000, 0x00000007c0000000)
  eden space 184320K, 100% used [0x000000076d100000,0x0000000778500000,0x0000000778500000)
  from space 11776K, 99% used [0x0000000779680000,0x000000077a1fcaf0,0x000000077a200000)
  to   space 14848K, 0% used [0x0000000778500000,0x0000000778500000,0x0000000779380000)
 ParOldGen       total 82432K, used 8171K [0x00000006c7200000, 0x00000006cc280000, 0x000000076d100000)
  object space 82432K, 9% used [0x00000006c7200000,0x00000006c79faca0,0x00000006cc280000)
 Metaspace       used 33169K, capacity 33712K, committed 33920K, reserved 1079296K
  class space    used 4008K, capacity 4181K, committed 4224K, reserved 1048576K

